===== Step 1 + 3 + 4 =====
3.0.0-SNAPSHOT has been replaced with 
All applicable http:// URLs in pom.xml have been replaced with https://
testing Step 1
[INFO] Scanning for projects...
Downloading from sonatype-nexus-snapshots: https://oss.sonatype.org/content/repositories/snapshots/com/fasterxml/jackson/jackson-base/3.0.0-SNAPSHOT/maven-metadata.xml
Progress (1): 614 B                   Downloaded from sonatype-nexus-snapshots: https://oss.sonatype.org/content/repositories/snapshots/com/fasterxml/jackson/jackson-base/3.0.0-SNAPSHOT/maven-metadata.xml (614 B at 1.5 kB/s)
Downloading from sonatype-nexus-snapshots: https://oss.sonatype.org/content/repositories/snapshots/com/fasterxml/jackson/jackson-bom/3.0.0-SNAPSHOT/maven-metadata.xml
Progress (1): 613 B                   Downloaded from sonatype-nexus-snapshots: https://oss.sonatype.org/content/repositories/snapshots/com/fasterxml/jackson/jackson-bom/3.0.0-SNAPSHOT/maven-metadata.xml (613 B at 15 kB/s)
[ERROR] [ERROR] Some problems were encountered while processing the POMs:
[FATAL] 'parent.version' is missing. @ line 12, column 14
 @ 
[ERROR] The build could not read 1 project -> [Help 1]
[ERROR]   
[ERROR]   The project com.fasterxml.jackson.dataformat:jackson-dataformat-cbor:[unknown-version] (/workspace/target-project/cbor/pom.xml) has 1 error
[ERROR]     'parent.version' is missing. @ line 12, column 14
[ERROR] 
[ERROR] To see the full stack trace of the errors, re-run Maven with the -e switch.
[ERROR] Re-run Maven using the -X switch to enable full debug logging.
[ERROR] 
[ERROR] For more information about the errors and possible solutions, please read the following articles:
[ERROR] [Help 1] http://cwiki.apache.org/confluence/display/MAVEN/ProjectBuildingException
