===== Step 1 + 3 + 4 =====
7.0.1-SNAPSHOT has been replaced with 
All applicable http:// URLs in pom.xml have been replaced with https://
testing Step 1
[INFO] Scanning for projects...
[ERROR] [ERROR] Some problems were encountered while processing the POMs:
[FATAL] 'parent.version' is missing. @ line 17, column 18
[WARNING] 'build.plugins.plugin.version' for org.owasp:dependency-check-maven is missing. @ line 197, column 21
[WARNING] 'build.plugins.plugin.version' for org.codehaus.mojo:build-helper-maven-plugin is missing. @ line 154, column 21
[WARNING] 'build.plugins.plugin.version' for org.codehaus.mojo:build-helper-maven-plugin is missing. @ line 108, column 21
[WARNING] 'build.plugins.plugin.version' for org.codehaus.mojo:build-helper-maven-plugin is missing. @ line 77, column 21
 @ 
[ERROR] The build could not read 1 project -> [Help 1]
[ERROR]   
[ERROR]   The project com.yahoo.elide:elide-core:[unknown-version] (/workspace/target-project/elide-core/pom.xml) has 1 error
[ERROR]     'parent.version' is missing. @ line 17, column 18
[ERROR] 
[ERROR] To see the full stack trace of the errors, re-run Maven with the -e switch.
[ERROR] Re-run Maven using the -X switch to enable full debug logging.
[ERROR] 
[ERROR] For more information about the errors and possible solutions, please read the following articles:
[ERROR] [Help 1] http://cwiki.apache.org/confluence/display/MAVEN/ProjectBuildingException
