===== Step 1 + 3 + 4 =====
Replaced 7.0.1-SNAPSHOT with 7.0.1
===== DIFF AFTER step_three.sh =====
Diff for ./pom.xml
17c17
<         <version>7.0.1-SNAPSHOT</version>
---
>         <version>7.0.1</version>
All applicable http:// URLs in pom.xml have been replaced with https://
testing Step 1
[INFO] Scanning for projects...
[ERROR] [ERROR] Some problems were encountered while processing the POMs:
[WARNING] 'build.plugins.plugin.version' for org.codehaus.gmaven:gmaven-plugin is missing. @ line 237, column 21
[ERROR] 'dependencies.dependency.version' for org.eclipse.jetty:jetty-webapp:jar is missing. @ line 175, column 21
[WARNING] 'build.plugins.plugin.version' for org.owasp:dependency-check-maven is missing. @ line 197, column 21
[WARNING] 'build.plugins.plugin.version' for org.codehaus.mojo:build-helper-maven-plugin is missing. @ line 154, column 21
[WARNING] 'build.plugins.plugin.version' for org.codehaus.mojo:build-helper-maven-plugin is missing. @ line 108, column 21
[WARNING] 'build.plugins.plugin.version' for org.codehaus.mojo:build-helper-maven-plugin is missing. @ line 77, column 21
 @ 
[ERROR] The build could not read 1 project -> [Help 1]
[ERROR]   
[ERROR]   The project com.yahoo.elide:elide-core:7.0.1 (/workspace/target-project/elide-core/pom.xml) has 1 error
[ERROR]     'dependencies.dependency.version' for org.eclipse.jetty:jetty-webapp:jar is missing. @ line 175, column 21
[ERROR] 
[ERROR] To see the full stack trace of the errors, re-run Maven with the -e switch.
[ERROR] Re-run Maven using the -X switch to enable full debug logging.
[ERROR] 
[ERROR] For more information about the errors and possible solutions, please read the following articles:
[ERROR] [Help 1] http://cwiki.apache.org/confluence/display/MAVEN/ProjectBuildingException
Maven build failed
