===== Step 1 + 3 =====
Replaced 7.0.1-SNAPSHOT with 7.0.1
===== DIFF AFTER step_three.sh =====
Diff for ./pom.xml
17c17
<         <version>7.0.1-SNAPSHOT</version>
---
>         <version>7.0.1</version>
testing Step 1
[INFO] Scanning for projects...
Downloading from central: https://repo.maven.apache.org/maven2/com/yahoo/elide/elide-parent-pom/7.0.1/elide-parent-pom-7.0.1.pom
Progress (1): 2.7/42 kBProgress (1): 5.5/42 kBProgress (1): 8.2/42 kBProgress (1): 11/42 kB Progress (1): 14/42 kBProgress (1): 16/42 kBProgress (1): 19/42 kBProgress (1): 22/42 kBProgress (1): 25/42 kBProgress (1): 27/42 kBProgress (1): 30/42 kBProgress (1): 33/42 kBProgress (1): 36/42 kBProgress (1): 38/42 kBProgress (1): 41/42 kBProgress (1): 42 kB                      Downloaded from central: https://repo.maven.apache.org/maven2/com/yahoo/elide/elide-parent-pom/7.0.1/elide-parent-pom-7.0.1.pom (42 kB at 182 kB/s)
Downloading from central: https://repo.maven.apache.org/maven2/org/eclipse/jetty/jetty-bom/12.0.4/jetty-bom-12.0.4.pom
Progress (1): 2.7/14 kBProgress (1): 5.5/14 kBProgress (1): 8.2/14 kBProgress (1): 11/14 kB Progress (1): 14/14 kBProgress (1): 14 kB                      Downloaded from central: https://repo.maven.apache.org/maven2/org/eclipse/jetty/jetty-bom/12.0.4/jetty-bom-12.0.4.pom (14 kB at 1.3 MB/s)
Downloading from central: https://repo.maven.apache.org/maven2/org/eclipse/jetty/ee10/jetty-ee10-bom/12.0.4/jetty-ee10-bom-12.0.4.pom
Progress (1): 4.1/9.2 kBProgress (1): 8.2/9.2 kBProgress (1): 9.2 kB                        Downloaded from central: https://repo.maven.apache.org/maven2/org/eclipse/jetty/ee10/jetty-ee10-bom/12.0.4/jetty-ee10-bom-12.0.4.pom (9.2 kB at 840 kB/s)
Downloading from central: https://repo.maven.apache.org/maven2/org/junit/junit-bom/5.10.1/junit-bom-5.10.1.pom
Progress (1): 4.1/5.6 kBProgress (1): 5.6 kB                        Downloaded from central: https://repo.maven.apache.org/maven2/org/junit/junit-bom/5.10.1/junit-bom-5.10.1.pom (5.6 kB at 706 kB/s)
Downloading from central: https://repo.maven.apache.org/maven2/com/fasterxml/jackson/jackson-bom/2.16.0/jackson-bom-2.16.0.pom
Progress (1): 4.1/18 kBProgress (1): 8.2/18 kBProgress (1): 12/18 kB Progress (1): 16/18 kBProgress (1): 18 kB                      Downloaded from central: https://repo.maven.apache.org/maven2/com/fasterxml/jackson/jackson-bom/2.16.0/jackson-bom-2.16.0.pom (18 kB at 2.3 MB/s)
Downloading from central: https://repo.maven.apache.org/maven2/com/fasterxml/jackson/jackson-parent/2.16/jackson-parent-2.16.pom
Progress (1): 4.1/6.5 kBProgress (1): 6.5 kB                        Downloaded from central: https://repo.maven.apache.org/maven2/com/fasterxml/jackson/jackson-parent/2.16/jackson-parent-2.16.pom (6.5 kB at 932 kB/s)
Downloading from central: https://repo.maven.apache.org/maven2/com/fasterxml/oss-parent/56/oss-parent-56.pom
Progress (1): 4.1/24 kBProgress (1): 8.2/24 kBProgress (1): 12/24 kB Progress (1): 16/24 kBProgress (1): 20/24 kBProgress (1): 24 kB                      Downloaded from central: https://repo.maven.apache.org/maven2/com/fasterxml/oss-parent/56/oss-parent-56.pom (24 kB at 3.4 MB/s)
Downloading from central: https://repo.maven.apache.org/maven2/io/rest-assured/rest-assured-bom/5.4.0/rest-assured-bom-5.4.0.pom
Progress (1): 4.1/4.5 kBProgress (1): 4.5 kB                        Downloaded from central: https://repo.maven.apache.org/maven2/io/rest-assured/rest-assured-bom/5.4.0/rest-assured-bom-5.4.0.pom (4.5 kB at 641 kB/s)
[ERROR] [ERROR] Some problems were encountered while processing the POMs:
[WARNING] 'build.plugins.plugin.version' for org.codehaus.gmaven:gmaven-plugin is missing. @ line 237, column 21
[ERROR] 'dependencies.dependency.version' for org.eclipse.jetty:jetty-webapp:jar is missing. @ line 175, column 21
[WARNING] 'build.plugins.plugin.version' for org.owasp:dependency-check-maven is missing. @ line 197, column 21
[WARNING] 'build.plugins.plugin.version' for org.codehaus.mojo:build-helper-maven-plugin is missing. @ line 154, column 21
[WARNING] 'build.plugins.plugin.version' for org.codehaus.mojo:build-helper-maven-plugin is missing. @ line 108, column 21
[WARNING] 'build.plugins.plugin.version' for org.codehaus.mojo:build-helper-maven-plugin is missing. @ line 77, column 21
 @ 
[ERROR] The build could not read 1 project -> [Help 1]
[ERROR]   
[ERROR]   The project com.yahoo.elide:elide-core:7.0.1 (/workspace/target-project/elide-core/pom.xml) has 1 error
[ERROR]     'dependencies.dependency.version' for org.eclipse.jetty:jetty-webapp:jar is missing. @ line 175, column 21
[ERROR] 
[ERROR] To see the full stack trace of the errors, re-run Maven with the -e switch.
[ERROR] Re-run Maven using the -X switch to enable full debug logging.
[ERROR] 
[ERROR] For more information about the errors and possible solutions, please read the following articles:
[ERROR] [Help 1] http://cwiki.apache.org/confluence/display/MAVEN/ProjectBuildingException
Maven build failed
